{"/home/yung-sergo/frontend-project-46/frontend-project-46/index.js": {"path":"/home/yung-sergo/frontend-project-46/frontend-project-46/index.js","all":false,"statementMap":{"0":{"start":{"line":1,"column":0},"end":{"line":1,"column":37}},"1":{"start":{"line":2,"column":0},"end":{"line":2,"column":0}},"2":{"start":{"line":3,"column":0},"end":{"line":3,"column":23}}},"s":{"0":1,"1":1,"2":1},"branchMap":{},"b":{},"fnMap":{},"f":{}}
,"/home/yung-sergo/frontend-project-46/frontend-project-46/src/formatter.js": {"path":"/home/yung-sergo/frontend-project-46/frontend-project-46/src/formatter.js","all":false,"statementMap":{"0":{"start":{"line":1,"column":0},"end":{"line":1,"column":23}},"1":{"start":{"line":2,"column":0},"end":{"line":2,"column":0}},"2":{"start":{"line":3,"column":0},"end":{"line":3,"column":65}},"3":{"start":{"line":4,"column":0},"end":{"line":4,"column":44}},"4":{"start":{"line":5,"column":0},"end":{"line":5,"column":73}},"5":{"start":{"line":6,"column":0},"end":{"line":6,"column":34}},"6":{"start":{"line":7,"column":0},"end":{"line":7,"column":8}},"7":{"start":{"line":8,"column":0},"end":{"line":8,"column":46}},"8":{"start":{"line":9,"column":0},"end":{"line":9,"column":57}},"9":{"start":{"line":10,"column":0},"end":{"line":10,"column":71}},"10":{"start":{"line":11,"column":0},"end":{"line":11,"column":27}},"11":{"start":{"line":12,"column":0},"end":{"line":12,"column":31}},"12":{"start":{"line":13,"column":0},"end":{"line":13,"column":85}},"13":{"start":{"line":14,"column":0},"end":{"line":14,"column":15}},"14":{"start":{"line":15,"column":0},"end":{"line":15,"column":13}},"15":{"start":{"line":16,"column":0},"end":{"line":16,"column":18}},"16":{"start":{"line":17,"column":0},"end":{"line":17,"column":29}},"17":{"start":{"line":18,"column":0},"end":{"line":18,"column":20}},"18":{"start":{"line":19,"column":0},"end":{"line":19,"column":7}},"19":{"start":{"line":20,"column":0},"end":{"line":20,"column":26}},"20":{"start":{"line":21,"column":0},"end":{"line":21,"column":2}},"21":{"start":{"line":22,"column":0},"end":{"line":22,"column":5}},"22":{"start":{"line":23,"column":0},"end":{"line":23,"column":29}},"23":{"start":{"line":24,"column":0},"end":{"line":24,"column":37}},"24":{"start":{"line":25,"column":0},"end":{"line":25,"column":26}},"25":{"start":{"line":26,"column":0},"end":{"line":26,"column":19}},"26":{"start":{"line":27,"column":0},"end":{"line":27,"column":22}},"27":{"start":{"line":28,"column":0},"end":{"line":28,"column":48}},"28":{"start":{"line":29,"column":0},"end":{"line":29,"column":21}},"29":{"start":{"line":30,"column":0},"end":{"line":30,"column":50}},"30":{"start":{"line":31,"column":0},"end":{"line":31,"column":25}},"31":{"start":{"line":32,"column":0},"end":{"line":32,"column":50}},"32":{"start":{"line":33,"column":0},"end":{"line":33,"column":23}},"33":{"start":{"line":34,"column":0},"end":{"line":34,"column":84}},"34":{"start":{"line":35,"column":0},"end":{"line":35,"column":5}},"35":{"start":{"line":36,"column":0},"end":{"line":36,"column":5}},"36":{"start":{"line":37,"column":0},"end":{"line":37,"column":42}},"37":{"start":{"line":38,"column":0},"end":{"line":38,"column":2}},"38":{"start":{"line":39,"column":0},"end":{"line":39,"column":25}}},"s":{"0":1,"1":1,"2":1,"3":1,"4":1,"5":1,"6":1,"7":1,"8":1,"9":1,"10":1,"11":1,"12":1,"13":1,"14":1,"15":1,"16":1,"17":1,"18":1,"19":1,"20":1,"21":1,"22":1,"23":1,"24":5,"25":5,"26":5,"27":2,"28":5,"29":1,"30":5,"31":1,"32":5,"33":1,"34":5,"35":1,"36":1,"37":1,"38":1},"branchMap":{"0":{"type":"branch","line":23,"loc":{"start":{"line":23,"column":19},"end":{"line":38,"column":2}},"locations":[{"start":{"line":23,"column":19},"end":{"line":38,"column":2}}]},"1":{"type":"branch","line":24,"loc":{"start":{"line":24,"column":27},"end":{"line":36,"column":3}},"locations":[{"start":{"line":24,"column":27},"end":{"line":36,"column":3}}]},"2":{"type":"branch","line":27,"loc":{"start":{"line":27,"column":6},"end":{"line":28,"column":48}},"locations":[{"start":{"line":27,"column":6},"end":{"line":28,"column":48}}]},"3":{"type":"branch","line":29,"loc":{"start":{"line":29,"column":8},"end":{"line":30,"column":50}},"locations":[{"start":{"line":29,"column":8},"end":{"line":30,"column":50}}]},"4":{"type":"branch","line":31,"loc":{"start":{"line":31,"column":8},"end":{"line":32,"column":50}},"locations":[{"start":{"line":31,"column":8},"end":{"line":32,"column":50}}]},"5":{"type":"branch","line":33,"loc":{"start":{"line":33,"column":8},"end":{"line":34,"column":84}},"locations":[{"start":{"line":33,"column":8},"end":{"line":34,"column":84}}]}},"b":{"0":[1],"1":[5],"2":[2],"3":[1],"4":[1],"5":[1]},"fnMap":{"0":{"name":"formatter","decl":{"start":{"line":23,"column":19},"end":{"line":38,"column":2}},"loc":{"start":{"line":23,"column":19},"end":{"line":38,"column":2}},"line":23}},"f":{"0":1}}
,"/home/yung-sergo/frontend-project-46/frontend-project-46/src/index.js": {"path":"/home/yung-sergo/frontend-project-46/frontend-project-46/src/index.js","all":false,"statementMap":{"0":{"start":{"line":1,"column":0},"end":{"line":1,"column":24}},"1":{"start":{"line":2,"column":0},"end":{"line":2,"column":20}},"2":{"start":{"line":3,"column":0},"end":{"line":3,"column":31}},"3":{"start":{"line":4,"column":0},"end":{"line":4,"column":43}},"4":{"start":{"line":5,"column":0},"end":{"line":5,"column":39}},"5":{"start":{"line":6,"column":0},"end":{"line":6,"column":0}},"6":{"start":{"line":7,"column":0},"end":{"line":7,"column":72}},"7":{"start":{"line":8,"column":0},"end":{"line":8,"column":0}},"8":{"start":{"line":9,"column":0},"end":{"line":9,"column":68}},"9":{"start":{"line":10,"column":0},"end":{"line":10,"column":0}},"10":{"start":{"line":11,"column":0},"end":{"line":11,"column":97}},"11":{"start":{"line":12,"column":0},"end":{"line":12,"column":0}},"12":{"start":{"line":13,"column":0},"end":{"line":13,"column":43}},"13":{"start":{"line":14,"column":0},"end":{"line":14,"column":47}},"14":{"start":{"line":15,"column":0},"end":{"line":15,"column":47}},"15":{"start":{"line":16,"column":0},"end":{"line":16,"column":39}},"16":{"start":{"line":17,"column":0},"end":{"line":17,"column":39}},"17":{"start":{"line":18,"column":0},"end":{"line":18,"column":41}},"18":{"start":{"line":19,"column":0},"end":{"line":19,"column":25}},"19":{"start":{"line":20,"column":0},"end":{"line":20,"column":2}},"20":{"start":{"line":21,"column":0},"end":{"line":21,"column":0}},"21":{"start":{"line":22,"column":0},"end":{"line":22,"column":23}}},"s":{"0":1,"1":1,"2":1,"3":1,"4":1,"5":1,"6":1,"7":1,"8":1,"9":1,"10":1,"11":1,"12":1,"13":1,"14":1,"15":1,"16":1,"17":1,"18":1,"19":1,"20":1,"21":1},"branchMap":{"0":{"type":"branch","line":7,"loc":{"start":{"line":7,"column":21},"end":{"line":7,"column":71}},"locations":[{"start":{"line":7,"column":21},"end":{"line":7,"column":71}}]},"1":{"type":"branch","line":9,"loc":{"start":{"line":9,"column":23},"end":{"line":9,"column":67}},"locations":[{"start":{"line":9,"column":23},"end":{"line":9,"column":67}}]},"2":{"type":"branch","line":11,"loc":{"start":{"line":11,"column":17},"end":{"line":11,"column":96}},"locations":[{"start":{"line":11,"column":17},"end":{"line":11,"column":96}}]},"3":{"type":"branch","line":13,"loc":{"start":{"line":13,"column":16},"end":{"line":20,"column":2}},"locations":[{"start":{"line":13,"column":16},"end":{"line":20,"column":2}}]}},"b":{"0":[2],"1":[2],"2":[2],"3":[1]},"fnMap":{"0":{"name":"getFullPath","decl":{"start":{"line":7,"column":21},"end":{"line":7,"column":71}},"loc":{"start":{"line":7,"column":21},"end":{"line":7,"column":71}},"line":7},"1":{"name":"getFileFormat","decl":{"start":{"line":9,"column":23},"end":{"line":9,"column":67}},"loc":{"start":{"line":9,"column":23},"end":{"line":9,"column":67}},"line":9},"2":{"name":"getData","decl":{"start":{"line":11,"column":17},"end":{"line":11,"column":96}},"loc":{"start":{"line":11,"column":17},"end":{"line":11,"column":96}},"line":11},"3":{"name":"genDiff","decl":{"start":{"line":13,"column":16},"end":{"line":20,"column":2}},"loc":{"start":{"line":13,"column":16},"end":{"line":20,"column":2}},"line":13}},"f":{"0":2,"1":2,"2":2,"3":1}}
,"/home/yung-sergo/frontend-project-46/frontend-project-46/src/parse.js": {"path":"/home/yung-sergo/frontend-project-46/frontend-project-46/src/parse.js","all":false,"statementMap":{"0":{"start":{"line":1,"column":0},"end":{"line":1,"column":27}},"1":{"start":{"line":2,"column":0},"end":{"line":2,"column":33}},"2":{"start":{"line":3,"column":0},"end":{"line":3,"column":19}},"3":{"start":{"line":4,"column":0},"end":{"line":4,"column":17}},"4":{"start":{"line":5,"column":0},"end":{"line":5,"column":30}},"5":{"start":{"line":6,"column":0},"end":{"line":6,"column":15}},"6":{"start":{"line":7,"column":0},"end":{"line":7,"column":29}},"7":{"start":{"line":8,"column":0},"end":{"line":8,"column":15}},"8":{"start":{"line":9,"column":0},"end":{"line":9,"column":29}},"9":{"start":{"line":10,"column":0},"end":{"line":10,"column":12}},"10":{"start":{"line":11,"column":0},"end":{"line":11,"column":59}},"11":{"start":{"line":12,"column":0},"end":{"line":12,"column":3}},"12":{"start":{"line":13,"column":0},"end":{"line":13,"column":2}},"13":{"start":{"line":14,"column":0},"end":{"line":14,"column":21}}},"s":{"0":1,"1":1,"2":2,"3":2,"4":2,"5":2,"6":0,"7":2,"8":0,"9":2,"10":0,"11":2,"12":2,"13":1},"branchMap":{"0":{"type":"branch","line":2,"loc":{"start":{"line":2,"column":14},"end":{"line":13,"column":2}},"locations":[{"start":{"line":2,"column":14},"end":{"line":13,"column":2}}]},"1":{"type":"branch","line":6,"loc":{"start":{"line":6,"column":4},"end":{"line":7,"column":29}},"locations":[{"start":{"line":6,"column":4},"end":{"line":7,"column":29}}]},"2":{"type":"branch","line":8,"loc":{"start":{"line":8,"column":4},"end":{"line":9,"column":29}},"locations":[{"start":{"line":8,"column":4},"end":{"line":9,"column":29}}]},"3":{"type":"branch","line":10,"loc":{"start":{"line":10,"column":4},"end":{"line":11,"column":59}},"locations":[{"start":{"line":10,"column":4},"end":{"line":11,"column":59}}]}},"b":{"0":[2],"1":[0],"2":[0],"3":[0]},"fnMap":{"0":{"name":"parse","decl":{"start":{"line":2,"column":14},"end":{"line":13,"column":2}},"loc":{"start":{"line":2,"column":14},"end":{"line":13,"column":2}},"line":2}},"f":{"0":2}}
,"/home/yung-sergo/frontend-project-46/frontend-project-46/src/treeBuilder.js": {"path":"/home/yung-sergo/frontend-project-46/frontend-project-46/src/treeBuilder.js","all":false,"statementMap":{"0":{"start":{"line":1,"column":0},"end":{"line":1,"column":23}},"1":{"start":{"line":2,"column":0},"end":{"line":2,"column":0}},"2":{"start":{"line":3,"column":0},"end":{"line":3,"column":39}},"3":{"start":{"line":4,"column":0},"end":{"line":4,"column":63}},"4":{"start":{"line":5,"column":0},"end":{"line":5,"column":36}},"5":{"start":{"line":6,"column":0},"end":{"line":6,"column":34}},"6":{"start":{"line":7,"column":0},"end":{"line":7,"column":69}},"7":{"start":{"line":8,"column":0},"end":{"line":8,"column":84}},"8":{"start":{"line":9,"column":0},"end":{"line":9,"column":5}},"9":{"start":{"line":10,"column":0},"end":{"line":10,"column":78}},"10":{"start":{"line":11,"column":0},"end":{"line":11,"column":80}},"11":{"start":{"line":12,"column":0},"end":{"line":12,"column":116}},"12":{"start":{"line":13,"column":0},"end":{"line":13,"column":57}},"13":{"start":{"line":14,"column":0},"end":{"line":14,"column":5}},"14":{"start":{"line":15,"column":0},"end":{"line":15,"column":2}},"15":{"start":{"line":16,"column":0},"end":{"line":16,"column":27}}},"s":{"0":1,"1":1,"2":1,"3":1,"4":1,"5":1,"6":5,"7":0,"8":0,"9":5,"10":5,"11":5,"12":1,"13":1,"14":1,"15":1},"branchMap":{"0":{"type":"branch","line":3,"loc":{"start":{"line":3,"column":20},"end":{"line":15,"column":2}},"locations":[{"start":{"line":3,"column":20},"end":{"line":15,"column":2}}]},"1":{"type":"branch","line":6,"loc":{"start":{"line":6,"column":25},"end":{"line":14,"column":3}},"locations":[{"start":{"line":6,"column":25},"end":{"line":14,"column":3}}]},"2":{"type":"branch","line":7,"loc":{"start":{"line":7,"column":35},"end":{"line":7,"column":66}},"locations":[{"start":{"line":7,"column":35},"end":{"line":7,"column":66}}]},"3":{"type":"branch","line":7,"loc":{"start":{"line":7,"column":68},"end":{"line":9,"column":5}},"locations":[{"start":{"line":7,"column":68},"end":{"line":9,"column":5}}]},"4":{"type":"branch","line":10,"loc":{"start":{"line":10,"column":28},"end":{"line":10,"column":78}},"locations":[{"start":{"line":10,"column":28},"end":{"line":10,"column":78}}]},"5":{"type":"branch","line":10,"loc":{"start":{"line":10,"column":76},"end":{"line":11,"column":28}},"locations":[{"start":{"line":10,"column":76},"end":{"line":11,"column":28}}]},"6":{"type":"branch","line":11,"loc":{"start":{"line":11,"column":28},"end":{"line":12,"column":44}},"locations":[{"start":{"line":11,"column":28},"end":{"line":12,"column":44}}]},"7":{"type":"branch","line":12,"loc":{"start":{"line":12,"column":44},"end":{"line":14,"column":3}},"locations":[{"start":{"line":12,"column":44},"end":{"line":14,"column":3}}]}},"b":{"0":[1],"1":[5],"2":[0],"3":[0],"4":[1],"5":[4],"6":[2],"7":[1]},"fnMap":{"0":{"name":"treeBuilder","decl":{"start":{"line":3,"column":20},"end":{"line":15,"column":2}},"loc":{"start":{"line":3,"column":20},"end":{"line":15,"column":2}},"line":3}},"f":{"0":1}}
}
