TN:
SF:index.js
FNF:0
FNH:0
DA:1,1
DA:2,1
DA:3,1
LF:3
LH:3
BRF:0
BRH:0
end_of_record
TN:
SF:src/formatter.js
FN:23,formatter
FNF:1
FNH:1
FNDA:1,formatter
DA:1,1
DA:2,1
DA:3,1
DA:4,1
DA:5,1
DA:6,1
DA:7,1
DA:8,1
DA:9,1
DA:10,1
DA:11,1
DA:12,1
DA:13,1
DA:14,1
DA:15,1
DA:16,1
DA:17,1
DA:18,1
DA:19,1
DA:20,1
DA:21,1
DA:22,1
DA:23,1
DA:24,1
DA:25,5
DA:26,5
DA:27,5
DA:28,2
DA:29,5
DA:30,1
DA:31,5
DA:32,1
DA:33,5
DA:34,1
DA:35,5
DA:36,1
DA:37,1
DA:38,1
DA:39,1
LF:39
LH:39
BRDA:23,0,0,1
BRDA:24,1,0,5
BRDA:27,2,0,2
BRDA:29,3,0,1
BRDA:31,4,0,1
BRDA:33,5,0,1
BRF:6
BRH:6
end_of_record
TN:
SF:src/index.js
FN:7,getFullPath
FN:9,getFileFormat
FN:11,getData
FN:13,genDiff
FNF:4
FNH:4
FNDA:2,getFullPath
FNDA:2,getFileFormat
FNDA:2,getData
FNDA:1,genDiff
DA:1,1
DA:2,1
DA:3,1
DA:4,1
DA:5,1
DA:6,1
DA:7,1
DA:8,1
DA:9,1
DA:10,1
DA:11,1
DA:12,1
DA:13,1
DA:14,1
DA:15,1
DA:16,1
DA:17,1
DA:18,1
DA:19,1
DA:20,1
DA:21,1
DA:22,1
LF:22
LH:22
BRDA:7,0,0,2
BRDA:9,1,0,2
BRDA:11,2,0,2
BRDA:13,3,0,1
BRF:4
BRH:4
end_of_record
TN:
SF:src/parse.js
FN:2,parse
FNF:1
FNH:1
FNDA:2,parse
DA:1,1
DA:2,1
DA:3,2
DA:4,2
DA:5,2
DA:6,2
DA:7,0
DA:8,2
DA:9,0
DA:10,2
DA:11,0
DA:12,2
DA:13,2
DA:14,1
LF:14
LH:11
BRDA:2,0,0,2
BRDA:6,1,0,0
BRDA:8,2,0,0
BRDA:10,3,0,0
BRF:4
BRH:1
end_of_record
TN:
SF:src/treeBuilder.js
FN:3,treeBuilder
FNF:1
FNH:1
FNDA:1,treeBuilder
DA:1,1
DA:2,1
DA:3,1
DA:4,1
DA:5,1
DA:6,1
DA:7,5
DA:8,0
DA:9,0
DA:10,5
DA:11,5
DA:12,5
DA:13,1
DA:14,1
DA:15,1
DA:16,1
LF:16
LH:14
BRDA:3,0,0,1
BRDA:6,1,0,5
BRDA:7,2,0,0
BRDA:7,3,0,0
BRDA:10,4,0,1
BRDA:10,5,0,4
BRDA:11,6,0,2
BRDA:12,7,0,1
BRF:8
BRH:6
end_of_record
